<?xml version="1.0" encoding="UTF-8"?>
<testng-results ignored="0" total="1" passed="1" failed="0" skipped="0">
  <reporter-output>
  </reporter-output>
  <suite started-at="2025-04-05T15:16:40Z" name="Default suite" finished-at="2025-04-05T15:16:43Z" duration-ms="3365">
    <groups>
    </groups>
    <test started-at="2025-04-05T15:16:40Z" name="Default test" finished-at="2025-04-05T15:16:43Z" duration-ms="3365">
      <class name="POJO_Exercise_3.SerializeAndDeserialize">
        <test-method signature="testCase01_SerializeDeserialize()[pri:0, instance:POJO_Exercise_3.SerializeAndDeserialize@6933b6c6]" started-at="2025-04-05T15:16:40Z" name="testCase01_SerializeDeserialize" finished-at="2025-04-05T15:16:43Z" duration-ms="3342" status="PASS">
          <reporter-output>
          </reporter-output>
        </test-method> <!-- testCase01_SerializeDeserialize -->
      </class> <!-- POJO_Exercise_3.SerializeAndDeserialize -->
    </test> <!-- Default test -->
  </suite> <!-- Default suite -->
</testng-results>
